<?xml version="1.0" encoding="UTF-8"?>
<!-- Generated by org.testng.reporters.JUnitReportReporter -->
<testsuite skipped="1" hostname="sanjay-PC" name="testCases.HybridExecuteTest" tests="1" failures="0" timestamp="29 Aug 2019 12:26:14 GMT" time="0.000" errors="0">
  <testcase name="testLogin" time="0.000" classname="testCases.HybridExecuteTest">
    <skipped/>
  </testcase> <!-- testLogin -->
</testsuite> <!-- testCases.HybridExecuteTest -->
